[2025-09-03T15:38:47.252] [ERROR] http - ::1 GET /api/1/livraisons 500 21ms
[2025-09-03T15:39:06.883] [ERROR] http - ::1 GET /api/1/livraisons 500 9ms
[2025-09-03T15:41:27.614] [ERROR] http - ::1 GET /api/1/livraisons 500 19ms
[2025-09-03T15:41:53.128] [ERROR] http - ::1 GET /api/1/livraisons 500 32ms
[2025-09-03T15:47:39.731] [INFO] http - ::1 GET /api/getAlllivreurs 200 485ms
[2025-09-03T15:47:39.907] [ERROR] http - ::1 GET /favicon.ico 404 10ms
[2025-09-03T15:49:58.961] [ERROR] http - ::1 GET /api/688ba370b4f321a0e5e29cdc/livraisons 500 79ms
[2025-09-03T15:50:24.455] [ERROR] http - ::1 GET /api/688ba370b4f321a0e5e29cdc/livraisons 500 81ms
[2025-09-03T16:03:17.138] [INFO] http - ::1 GET /api/688ba370b4f321a0e5e29cdc/livraisons 200 104ms
[2025-09-03T16:19:47.448] [INFO] http - ::1 POST /api/signup 201 350ms
[2025-09-03T16:21:36.319] [INFO] http - ::1 POST /api/signin 200 218ms
[2025-09-03T16:31:05.305] [ERROR] http - ::1 POST /api/signin 500 80ms
[2025-09-03T16:31:28.249] [INFO] http - ::1 POST /api/signin 200 141ms
[2025-09-03T16:31:52.759] [ERROR] http - ::1 POST /api/signin 500 74ms
[2025-09-03T16:32:06.317] [INFO] http - ::1 POST /api/signin 200 169ms
[2025-09-03T16:32:44.792] [ERROR] http - ::1 POST /api/signin 500 76ms
[2025-09-03T16:33:12.570] [ERROR] http - ::1 POST /api/signin 500 93ms
[2025-09-03T16:33:30.247] [INFO] http - ::1 POST /api/signin 200 143ms
[2025-09-03T16:33:32.580] [INFO] http - ::1 POST /api/signin 200 141ms
[2025-09-03T16:34:00.201] [ERROR] http - ::1 POST /api/signin 500 82ms
[2025-09-03T16:37:46.892] [ERROR] http - ::1 POST /api/getAlllivreurs 404 13ms
[2025-09-03T16:38:02.122] [INFO] http - ::1 GET /api/getAlllivreurs 200 183ms
[2025-09-03T16:53:14.689] [WARN] http - ::1 GET /api/688ba370b4f321a0e5e29cdc/livraisons 304 20356ms
[2025-09-03T17:08:42.668] [WARN] http - ::1 GET /api/688ba370b4f321a0e5e29cdc/livraisons 304 1045ms
[2025-09-03T17:47:44.956] [ERROR] http - ::1 GET /api/688ba370b4f321a0e5e29cdc/livraisons 500 30012ms
[2025-09-03T17:58:02.044] [ERROR] http - ::1 GET /api/688ba370b4f321a0e5e29cdc/livraisons 500 30015ms
[2025-09-03T18:16:29.284] [ERROR] http - ::1 POST /api/createLivreur 500 1145ms
[2025-09-03T18:17:23.662] [INFO] http - ::1 POST /api/createLivreur 201 356ms
